*** Starting uWSGI 2.0.20 (64bit) on [Mon Jun 20 15:03:00 2022] ***
compiled with version: 10.2.1 20210110 on 30 May 2022 21:08:15
os: Linux-5.10.104-linuxkit #1 SMP Wed Mar 9 19:05:23 UTC 2022
nodename: cc9646f12a21
machine: x86_64
clock source: unix
pcre jit disabled
detected number of CPU cores: 2
current working directory: /usr/src/app
detected binary path: /usr/local/bin/uwsgi
uWSGI running as root, you can use --uid/--gid/--chroot options
*** WARNING: you are running uWSGI as root !!! (use the --uid flag) *** 
*** WARNING: you are running uWSGI without its master process manager ***
your memory page size is 4096 bytes
detected max file descriptor number: 1048576
lock engine: pthread robust mutexes
thunder lock: disabled (you can enable it with --thunder-lock)
uWSGI http bound on :8000 fd 4
spawned uWSGI http 1 (pid: 7)
uwsgi socket 0 bound to TCP address 127.0.0.1:46593 (port auto-assigned) fd 3
uWSGI running as root, you can use --uid/--gid/--chroot options
*** WARNING: you are running uWSGI as root !!! (use the --uid flag) *** 
Python version: 3.8.13 (default, May 28 2022, 14:23:53)  [GCC 10.2.1 20210110]
*** Python threads support is disabled. You can enable it with --enable-threads ***
Python main interpreter initialized at 0x55f7916836d0
uWSGI running as root, you can use --uid/--gid/--chroot options
*** WARNING: you are running uWSGI as root !!! (use the --uid flag) *** 
your server socket listen backlog is limited to 100 connections
your mercy for graceful operations on workers is 60 seconds
mapped 72920 bytes (71 KB) for 1 cores
*** Operational MODE: single process ***
WSGI app 0 (mountpoint='') ready in 1 seconds on interpreter 0x55f7916836d0 pid: 1 (default app)
uWSGI running as root, you can use --uid/--gid/--chroot options
*** WARNING: you are running uWSGI as root !!! (use the --uid flag) *** 
*** uWSGI is running in multiple interpreter mode ***
spawned uWSGI worker 1 (and the only) (pid: 1, cores: 1)
*** Starting uWSGI 2.0.20 (64bit) on [Mon Jun 20 15:03:40 2022] ***
compiled with version: 10.2.1 20210110 on 30 May 2022 21:08:15
os: Linux-5.10.104-linuxkit #1 SMP Wed Mar 9 19:05:23 UTC 2022
nodename: cc9646f12a21
machine: x86_64
clock source: unix
pcre jit disabled
detected number of CPU cores: 2
current working directory: /usr/src/app
detected binary path: /usr/local/bin/uwsgi
uWSGI running as root, you can use --uid/--gid/--chroot options
*** WARNING: you are running uWSGI as root !!! (use the --uid flag) *** 
*** WARNING: you are running uWSGI without its master process manager ***
your memory page size is 4096 bytes
detected max file descriptor number: 1048576
lock engine: pthread robust mutexes
thunder lock: disabled (you can enable it with --thunder-lock)
uWSGI http bound on :8000 fd 4
spawned uWSGI http 1 (pid: 8)
uwsgi socket 0 bound to TCP address 127.0.0.1:38127 (port auto-assigned) fd 3
uWSGI running as root, you can use --uid/--gid/--chroot options
*** WARNING: you are running uWSGI as root !!! (use the --uid flag) *** 
Python version: 3.8.13 (default, May 28 2022, 14:23:53)  [GCC 10.2.1 20210110]
*** Python threads support is disabled. You can enable it with --enable-threads ***
Python main interpreter initialized at 0x55fea858d6d0
uWSGI running as root, you can use --uid/--gid/--chroot options
*** WARNING: you are running uWSGI as root !!! (use the --uid flag) *** 
your server socket listen backlog is limited to 100 connections
your mercy for graceful operations on workers is 60 seconds
mapped 72920 bytes (71 KB) for 1 cores
*** Operational MODE: single process ***
WSGI app 0 (mountpoint='') ready in 1 seconds on interpreter 0x55fea858d6d0 pid: 1 (default app)
uWSGI running as root, you can use --uid/--gid/--chroot options
*** WARNING: you are running uWSGI as root !!! (use the --uid flag) *** 
*** uWSGI is running in multiple interpreter mode ***
spawned uWSGI worker 1 (and the only) (pid: 1, cores: 1)
[pid: 1|app: 0|req: 1/1] 172.20.0.1 () {52 vars in 1351 bytes} [Mon Jun 20 15:07:46 2022] GET / => generated 5 bytes in 693 msecs (HTTP/1.1 200) 4 headers in 163 bytes (1 switches on core 0)
[pid: 1|app: 0|req: 2/2] 172.20.0.1 () {50 vars in 1283 bytes} [Mon Jun 20 15:07:48 2022] GET /favicon.ico => generated 179 bytes in 77 msecs (HTTP/1.1 404) 4 headers in 155 bytes (1 switches on core 0)
[pid: 1|app: 0|req: 3/3] 172.20.0.1 () {54 vars in 1382 bytes} [Mon Jun 20 15:16:15 2022] GET / => generated 5 bytes in 5 msecs (HTTP/1.1 200) 4 headers in 163 bytes (1 switches on core 0)
[pid: 1|app: 0|req: 4/4] 172.20.0.1 () {54 vars in 1382 bytes} [Mon Jun 20 15:16:16 2022] GET / => generated 5 bytes in 1 msecs (HTTP/1.1 200) 4 headers in 163 bytes (1 switches on core 0)
[pid: 1|app: 0|req: 5/5] 172.20.0.1 () {54 vars in 1382 bytes} [Mon Jun 20 15:16:16 2022] GET / => generated 5 bytes in 2 msecs (HTTP/1.1 200) 4 headers in 163 bytes (1 switches on core 0)
